Build started 06/11/2014 6:41:15 PM.
     1>Project "C:\Projects\MPIProximityAnalysis\ProximityAnalysis\ProximityAnalysis\ProximityAnalysis.vcxproj" on node 2 (Rebuild target(s)).
     1>_PrepareForClean:
         Deleting file "Debug\ProximityAnalysis.lastbuildstate".
       InitializeBuildStatus:
         Creating "Debug\ProximityAnalysis.unsuccessfulbuild" because "AlwaysCreate" was specified.
       ClCompile:
         C:\Program Files (x86)\Microsoft Visual Studio 11.0\VC\bin\CL.exe /c /ZI /nologo /W3 /WX- /Od /Oy- /D WIN32 /D _DEBUG /D _CONSOLE /D _UNICODE /D UNICODE /Gm /EHsc /RTC1 /MDd /GS /fp:precise /Zc:wchar_t /Zc:forScope /Fo"Debug\\" /Fd"Debug\vc110.pdb" /Gd /TP /analyze- /errorReport:prompt main.cpp Residence.cpp Service.cpp
         Service.cpp
         Residence.cpp
         main.cpp
         Generating Code...
       Link:
         C:\Program Files (x86)\Microsoft Visual Studio 11.0\VC\bin\link.exe /ERRORREPORT:PROMPT /OUT:"C:\Projects\MPIProximityAnalysis\ProximityAnalysis\Debug\ProximityAnalysis.exe" /INCREMENTAL /NOLOGO mpi.lib kernel32.lib user32.lib gdi32.lib winspool.lib comdlg32.lib advapi32.lib shell32.lib ole32.lib oleaut32.lib uuid.lib odbc32.lib odbccp32.lib kernel32.lib user32.lib gdi32.lib winspool.lib comdlg32.lib advapi32.lib shell32.lib ole32.lib oleaut32.lib uuid.lib odbc32.lib odbccp32.lib /MANIFEST /MANIFESTUAC:"level='asInvoker' uiAccess='false'" /manifest:embed /DEBUG /PDB:"C:\Projects\MPIProximityAnalysis\ProximityAnalysis\Debug\ProximityAnalysis.pdb" /SUBSYSTEM:CONSOLE /TLBID:1 /DYNAMICBASE /NXCOMPAT /IMPLIB:"C:\Projects\MPIProximityAnalysis\ProximityAnalysis\Debug\ProximityAnalysis.lib" /MACHINE:X86 Debug\main.obj
         Debug\Residence.obj
         Debug\Service.obj
         ProximityAnalysis.vcxproj -> C:\Projects\MPIProximityAnalysis\ProximityAnalysis\Debug\ProximityAnalysis.exe
       FinalizeBuildStatus:
         Deleting file "Debug\ProximityAnalysis.unsuccessfulbuild".
         Touching "Debug\ProximityAnalysis.lastbuildstate".
     1>Done Building Project "C:\Projects\MPIProximityAnalysis\ProximityAnalysis\ProximityAnalysis\ProximityAnalysis.vcxproj" (Rebuild target(s)).

Build succeeded.

Time Elapsed 00:00:05.67
